{
  "bitcoin": {
    "usd": 81365
  },
  "dogecoin": {
    "usd": 0.115871
  },
  "ethereum": {
    "usd": 2374.94
  }
}
{
  "bitcoin": {
    "usd": 81484
  },
  "dogecoin": {
    "usd": 0.11629
  },
  "ethereum": {
    "usd": 2378.1
  }
}
{
  "bitcoin": {
    "usd": 81214
  },
  "dogecoin": {
    "usd": 0.115899
  },
  "ethereum": {
    "usd": 2369.84
  }
}
{
  "bitcoin": {
    "usd": 81051
  },
  "dogecoin": {
    "usd": 0.115218
  },
  "ethereum": {
    "usd": 2365.03
  }
}
{
  "bitcoin": {
    "usd": 81051
  },
  "dogecoin": {
    "usd": 0.115218
  },
  "ethereum": {
    "usd": 2365.03
  }
}
